Jan 26, 2026 4:36:1 PM [INFO] apiTag=ORDER_SESSION, paymentRequestId=24da9546-59c3-4e23-9e08-66b527f537f5, message=Request parameters, value={"payment_page_client_id":"VALUE","order_id":"order_1769425561680","amount":54,"currency":"INR","return_url":"http://localhost:5000/handlePaymentResponse","customer_id":"sample-customer-id"}
Jan 26, 2026 4:36:1 PM [INFO] apiTag=ORDER_SESSION, paymentRequestId=24da9546-59c3-4e23-9e08-66b527f537f5, message=Executing request, value=/session
Jan 26, 2026 4:36:13 PM [ERROR] apiTag=ORDER_SESSION, paymentRequestId=24da9546-59c3-4e23-9e08-66b527f537f5, message=Please check your internet connection/Failed to establish connection, value={"errno":-3008,"code":"ENOTFOUND","syscall":"getaddrinfo","hostname":"smartgateway.hdfc.bank.in"}
Jan 26, 2026 4:36:31 PM [INFO] apiTag=ORDER_SESSION, paymentRequestId=075f7e78-5899-4b51-9a4c-254998af0792, message=Request parameters, value={"payment_page_client_id":"VALUE","order_id":"order_1769425591439","amount":13,"currency":"INR","return_url":"http://localhost:5000/handlePaymentResponse","customer_id":"sample-customer-id"}
Jan 26, 2026 4:36:31 PM [INFO] apiTag=ORDER_SESSION, paymentRequestId=075f7e78-5899-4b51-9a4c-254998af0792, message=Executing request, value=/session
Jan 26, 2026 4:36:31 PM [ERROR] apiTag=ORDER_SESSION, paymentRequestId=075f7e78-5899-4b51-9a4c-254998af0792, message=Please check your internet connection/Failed to establish connection, value={"errno":-3008,"code":"ENOTFOUND","syscall":"getaddrinfo","hostname":"smartgateway.hdfc.bank.in"}
Jan 26, 2026 4:38:40 PM [INFO] apiTag=ORDER_SESSION, paymentRequestId=e8088805-7a98-4194-9524-bad5eaf4c664, message=Request parameters, value={"payment_page_client_id":"VALUE","order_id":"order_1769425720205","amount":11,"currency":"INR","return_url":"http://localhost:5000/handlePaymentResponse","customer_id":"sample-customer-id"}
Jan 26, 2026 4:38:40 PM [INFO] apiTag=ORDER_SESSION, paymentRequestId=e8088805-7a98-4194-9524-bad5eaf4c664, message=Executing request, value=/session
Jan 26, 2026 4:38:51 PM [ERROR] apiTag=ORDER_SESSION, paymentRequestId=e8088805-7a98-4194-9524-bad5eaf4c664, message=Please check your internet connection/Failed to establish connection, value={"errno":-3008,"code":"ENOTFOUND","syscall":"getaddrinfo","hostname":"smartgateway.hdfc.bank.in"}
Jan 26, 2026 4:38:53 PM [INFO] apiTag=ORDER_SESSION, paymentRequestId=4c0583e3-d630-4537-95ea-f619cee2a13f, message=Request parameters, value={"payment_page_client_id":"VALUE","order_id":"order_1769425733676","amount":13,"currency":"INR","return_url":"http://localhost:5000/handlePaymentResponse","customer_id":"sample-customer-id"}
Jan 26, 2026 4:38:53 PM [INFO] apiTag=ORDER_SESSION, paymentRequestId=4c0583e3-d630-4537-95ea-f619cee2a13f, message=Executing request, value=/session
Jan 26, 2026 4:39:4 PM [ERROR] apiTag=ORDER_SESSION, paymentRequestId=4c0583e3-d630-4537-95ea-f619cee2a13f, message=Please check your internet connection/Failed to establish connection, value={"errno":-3008,"code":"ENOTFOUND","syscall":"getaddrinfo","hostname":"smartgateway.hdfc.bank.in"}
Jan 26, 2026 4:41:40 PM [INFO] apiTag=ORDER_SESSION, paymentRequestId=61d2fcd4-3836-4098-a414-7691840d43c8, message=Request parameters, value={"payment_page_client_id":"VALUE","order_id":"order_1769425900320","amount":19,"currency":"INR","return_url":"http://localhost:5000/handlePaymentResponse","customer_id":"sample-customer-id"}
Jan 26, 2026 4:41:40 PM [INFO] apiTag=ORDER_SESSION, paymentRequestId=61d2fcd4-3836-4098-a414-7691840d43c8, message=Executing request, value=/session
Jan 26, 2026 4:41:40 PM [INFO] apiTag=ORDER_SESSION, paymentRequestId=61d2fcd4-3836-4098-a414-7691840d43c8, message=Received Http Response Code, value=401
Jan 26, 2026 4:41:40 PM [INFO] apiTag=ORDER_SESSION, paymentRequestId=61d2fcd4-3836-4098-a414-7691840d43c8, message=Received Response, value={"status":"error","error_code":"access_denied","error_info":{"user_message":"Unauthorized.","request_id":"09b2a528-a964-4e39-92de-0d9fe81be174","href":"NA","developer_message":"Invalid API Key. Please pass a valid and active api key.","code":"UNAUTHORIZED","category":"USER_ERROR"}}
Jan 26, 2026 4:41:53 PM [INFO] apiTag=ORDER_SESSION, paymentRequestId=f5abf006-cdf0-4ed8-8918-c28fa7bc057a, message=Request parameters, value={"payment_page_client_id":"VALUE","order_id":"order_1769425913320","amount":37,"currency":"INR","return_url":"http://localhost:5000/handlePaymentResponse","customer_id":"sample-customer-id"}
Jan 26, 2026 4:41:53 PM [INFO] apiTag=ORDER_SESSION, paymentRequestId=f5abf006-cdf0-4ed8-8918-c28fa7bc057a, message=Executing request, value=/session
Jan 26, 2026 4:41:53 PM [INFO] apiTag=ORDER_SESSION, paymentRequestId=f5abf006-cdf0-4ed8-8918-c28fa7bc057a, message=Received Http Response Code, value=401
Jan 26, 2026 4:41:53 PM [INFO] apiTag=ORDER_SESSION, paymentRequestId=f5abf006-cdf0-4ed8-8918-c28fa7bc057a, message=Received Response, value={"status":"error","error_code":"access_denied","error_info":{"user_message":"Unauthorized.","request_id":"8c1779e6-140b-4e2a-97d7-2b38ea482608","href":"NA","developer_message":"Invalid API Key. Please pass a valid and active api key.","code":"UNAUTHORIZED","category":"USER_ERROR"}}
